0 info it worked if it ends with ok
1 verbose cli [ 'C:\\Program Files\\nodejs\\node.exe',
1 verbose cli   'C:\\Program Files\\nodejs\\node_modules\\npm\\bin\\npm-cli.js',
1 verbose cli   'run',
1 verbose cli   'dev-server' ]
2 info using npm@4.0.5
3 info using node@v7.4.0
4 verbose run-script [ 'predev-server', 'dev-server', 'postdev-server' ]
5 info lifecycle react-native@1.0.0~predev-server: react-native@1.0.0
6 silly lifecycle react-native@1.0.0~predev-server: no script for predev-server, continuing
7 info lifecycle react-native@1.0.0~dev-server: react-native@1.0.0
8 verbose lifecycle react-native@1.0.0~dev-server: unsafe-perm in lifecycle true
9 verbose lifecycle react-native@1.0.0~dev-server: PATH: C:\Program Files\nodejs\node_modules\npm\bin\node-gyp-bin;C:\Users\Miracom\document\workspace\react-native\node_modules\.bin;C:\ProgramData\Oracle\Java\javapath;C:\app\Miracom\product\12.1.0\dbhome_1\bin;C:\Windows\system32;C:\Windows;C:\Windows\System32\Wbem;C:\Windows\System32\WindowsPowerShell\v1.0\;C:\Program Files\nodejs\;C:\Program Files\Git\cmd;C:\Apache24\bin;C:\Bitnami\wampstack-5.6.29-1\apache2\bin;C:\Program Files\Git\bin;C:\Users\Miracom\AppData\Local\atom\bin;C:\Program Files (x86)\Skype\Phone\;C:\Program Files\Java\jdk1.7.0_79\bin;C:\Program Files (x86)\Microsoft VS Code\bin;C:\Users\Miracom\AppData\Roaming\npm;C:\Users\Miracom\AppData\Local\atom\bin
10 verbose lifecycle react-native@1.0.0~dev-server: CWD: C:\Users\Miracom\document\workspace\react-native
11 silly lifecycle react-native@1.0.0~dev-server: Args: [ '/d /s /c', 'webpack-dev-server' ]
12 verbose stack Error: kill ENOSYS
12 verbose stack     at exports._errnoException (util.js:1022:11)
12 verbose stack     at process.kill (internal/process.js:173:13)
12 verbose stack     at process.listener (C:\Program Files\nodejs\node_modules\npm\node_modules\npmlog\node_modules\gauge\node_modules\signal-exit\index.js:86:15)
12 verbose stack     at emitNone (events.js:91:20)
12 verbose stack     at process.emit (events.js:185:7)
12 verbose stack     at processEmit (C:\Program Files\nodejs\node_modules\npm\node_modules\npmlog\node_modules\gauge\node_modules\signal-exit\index.js:146:32)
12 verbose stack     at processEmit (C:\Program Files\nodejs\node_modules\npm\node_modules\npm-registry-client\node_modules\npmlog\node_modules\gauge\node_modules\signal-exit\index.js:146:32)
12 verbose stack     at Signal.wrap.onsignal (internal/process.js:200:44)
13 verbose cwd C:\Users\Miracom\document\workspace\react-native
14 error Windows_NT 6.1.7601
15 error argv "C:\\Program Files\\nodejs\\node.exe" "C:\\Program Files\\nodejs\\node_modules\\npm\\bin\\npm-cli.js" "run" "dev-server"
16 error node v7.4.0
17 error npm  v4.0.5
18 error code ENOSYS
19 error errno ENOSYS
20 error syscall kill
21 error kill ENOSYS
22 error If you need help, you may report this error at:
22 error     <https://github.com/npm/npm/issues>
23 verbose exit [ 1, true ]
